<?xml version="1.0" encoding="UTF-8" ?>
<testsuite tests="11" failures="0" name="be.teknyske.FractionTest" time="0.351" errors="0" skipped="0">
  <properties>
[...]
</properties>
  <testcase classname="be.teknyske.FractionTest" name="createFractionNoSimplificationNeeded" time="0.337"/>
  <testcase classname="be.teknyske.FractionTest" name="testSetNumeratorAndSimplify" time="0"/>
  <testcase classname="be.teknyske.FractionTest" name="testFractionDivision" time="0.01"/>
  <testcase classname="be.teknyske.FractionTest" name="createFractionWithSimplification" time="0.001"/>
  <testcase classname="be.teknyske.FractionTest" name="testFractionMultiplication" time="0.001"/>
  <testcase classname="be.teknyske.FractionTest" name="testFractionIsNegative" time="0.001"/>
  <testcase classname="be.teknyske.FractionTest" name="testFractionInversion" time="0"/>
  <testcase classname="be.teknyske.FractionTest" name="testFractionToString" time="0.001"/>
  <testcase classname="be.teknyske.FractionTest" name="testDefaultFractionConstructor" time="0"/>
  <testcase classname="be.teknyske.FractionTest" name="testFractionAddition" time="0"/>
  <testcase classname="be.teknyske.FractionTest" name="testSetDenominatorAndSimplify" time="0"/>
</testsuite>